This is pdfTeX, Version 3.14159265-2.6-1.40.15 (TeX Live 2014) (preloaded format=pdflatex 2014.5.25)  24 APR 2015 16:32
entering extended mode
 \write18 enabled.
 file:line:error style messages enabled.
 %&-line parsing enabled.
**paper.tex
(./paper.tex
LaTeX2e <2014/05/01>
Babel <3.9k> and hyphenation patterns for 78 languages loaded.
(./IEEEtran.cls
Document Class: IEEEtran 2014/09/17 V1.8a by Michael Shell
-- See the "IEEEtran_HOWTO" manual for usage information.
-- http://www.michaelshell.org/tex/ieeetran/
\@IEEEtrantmpdimenA=\dimen102
\@IEEEtrantmpdimenB=\dimen103
\@IEEEtrantmpdimenC=\dimen104
\@IEEEtrantmpcountA=\count79
\@IEEEtrantmpcountB=\count80
\@IEEEtrantmpcountC=\count81
\@IEEEtrantmptoksA=\toks14
LaTeX Font Info:    Try loading font information for OT1+ptm on input line 458.

(/usr/local/texlive/2014/texmf-dist/tex/latex/psnfss/ot1ptm.fd
File: ot1ptm.fd 2001/06/04 font definitions for OT1/ptm.
)
-- Using 8.5in x 11in (letter) paper.
-- Using PDF output.
\@IEEEnormalsizeunitybaselineskip=\dimen105
-- This is a 10 point document.
\CLASSINFOnormalsizebaselineskip=\dimen106
\CLASSINFOnormalsizeunitybaselineskip=\dimen107
\IEEEnormaljot=\dimen108
LaTeX Font Info:    Font shape `OT1/ptm/bx/n' in size <5> not available
(Font)              Font shape `OT1/ptm/b/n' tried instead on input line 1039.
LaTeX Font Info:    Font shape `OT1/ptm/bx/it' in size <5> not available
(Font)              Font shape `OT1/ptm/b/it' tried instead on input line 1039.

LaTeX Font Info:    Font shape `OT1/ptm/bx/n' in size <7> not available
(Font)              Font shape `OT1/ptm/b/n' tried instead on input line 1039.
LaTeX Font Info:    Font shape `OT1/ptm/bx/it' in size <7> not available
(Font)              Font shape `OT1/ptm/b/it' tried instead on input line 1039.

LaTeX Font Info:    Font shape `OT1/ptm/bx/n' in size <8> not available
(Font)              Font shape `OT1/ptm/b/n' tried instead on input line 1039.
LaTeX Font Info:    Font shape `OT1/ptm/bx/it' in size <8> not available
(Font)              Font shape `OT1/ptm/b/it' tried instead on input line 1039.

LaTeX Font Info:    Font shape `OT1/ptm/bx/n' in size <9> not available
(Font)              Font shape `OT1/ptm/b/n' tried instead on input line 1039.
LaTeX Font Info:    Font shape `OT1/ptm/bx/it' in size <9> not available
(Font)              Font shape `OT1/ptm/b/it' tried instead on input line 1039.

LaTeX Font Info:    Font shape `OT1/ptm/bx/n' in size <10> not available
(Font)              Font shape `OT1/ptm/b/n' tried instead on input line 1039.
LaTeX Font Info:    Font shape `OT1/ptm/bx/it' in size <10> not available
(Font)              Font shape `OT1/ptm/b/it' tried instead on input line 1039.

LaTeX Font Info:    Font shape `OT1/ptm/bx/n' in size <11> not available
(Font)              Font shape `OT1/ptm/b/n' tried instead on input line 1039.
LaTeX Font Info:    Font shape `OT1/ptm/bx/it' in size <11> not available
(Font)              Font shape `OT1/ptm/b/it' tried instead on input line 1039.

LaTeX Font Info:    Font shape `OT1/ptm/bx/n' in size <12> not available
(Font)              Font shape `OT1/ptm/b/n' tried instead on input line 1039.
LaTeX Font Info:    Font shape `OT1/ptm/bx/it' in size <12> not available
(Font)              Font shape `OT1/ptm/b/it' tried instead on input line 1039.

LaTeX Font Info:    Font shape `OT1/ptm/bx/n' in size <17> not available
(Font)              Font shape `OT1/ptm/b/n' tried instead on input line 1039.
LaTeX Font Info:    Font shape `OT1/ptm/bx/it' in size <17> not available
(Font)              Font shape `OT1/ptm/b/it' tried instead on input line 1039.

LaTeX Font Info:    Font shape `OT1/ptm/bx/n' in size <20> not available
(Font)              Font shape `OT1/ptm/b/n' tried instead on input line 1039.
LaTeX Font Info:    Font shape `OT1/ptm/bx/it' in size <20> not available
(Font)              Font shape `OT1/ptm/b/it' tried instead on input line 1039.

LaTeX Font Info:    Font shape `OT1/ptm/bx/n' in size <24> not available
(Font)              Font shape `OT1/ptm/b/n' tried instead on input line 1039.
LaTeX Font Info:    Font shape `OT1/ptm/bx/it' in size <24> not available
(Font)              Font shape `OT1/ptm/b/it' tried instead on input line 1039.

\IEEEquantizedlength=\dimen109
\IEEEquantizedlengthdiff=\dimen110
\IEEEquantizedtextheightdiff=\dimen111
\IEEEilabelindentA=\dimen112
\IEEEilabelindentB=\dimen113
\IEEEilabelindent=\dimen114
\IEEEelabelindent=\dimen115
\IEEEdlabelindent=\dimen116
\IEEElabelindent=\dimen117
\IEEEiednormlabelsep=\dimen118
\IEEEiedmathlabelsep=\dimen119
\IEEEiedtopsep=\skip41
\c@section=\count82
\c@subsection=\count83
\c@subsubsection=\count84
\c@paragraph=\count85
\c@IEEEsubequation=\count86
\abovecaptionskip=\skip42
\belowcaptionskip=\skip43
\c@figure=\count87
\c@table=\count88
\@IEEEeqnnumcols=\count89
\@IEEEeqncolcnt=\count90
\@IEEEsubeqnnumrollback=\count91
\@IEEEquantizeheightA=\dimen120
\@IEEEquantizeheightB=\dimen121
\@IEEEquantizeheightC=\dimen122
\@IEEEquantizeprevdepth=\dimen123
\@IEEEquantizemultiple=\count92
\@IEEEquantizeboxA=\box26
\@IEEEtmpitemindent=\dimen124
\c@IEEEbiography=\count93
\@IEEEtranrubishbin=\box27
) (/usr/local/texlive/2014/texmf-dist/tex/latex/graphics/graphicx.sty
Package: graphicx 2014/04/25 v1.0g Enhanced LaTeX Graphics (DPC,SPQR)

(/usr/local/texlive/2014/texmf-dist/tex/latex/graphics/keyval.sty
Package: keyval 2014/05/08 v1.15 key=value parser (DPC)
\KV@toks@=\toks15
)
(/usr/local/texlive/2014/texmf-dist/tex/latex/graphics/graphics.sty
Package: graphics 2009/02/05 v1.0o Standard LaTeX Graphics (DPC,SPQR)

(/usr/local/texlive/2014/texmf-dist/tex/latex/graphics/trig.sty
Package: trig 1999/03/16 v1.09 sin cos tan (DPC)
)
(/usr/local/texlive/2014/texmf-dist/tex/latex/latexconfig/graphics.cfg
File: graphics.cfg 2010/04/23 v1.9 graphics configuration of TeX Live
)
Package graphics Info: Driver file: pdftex.def on input line 91.

(/usr/local/texlive/2014/texmf-dist/tex/latex/pdftex-def/pdftex.def
File: pdftex.def 2011/05/27 v0.06d Graphics/color for pdfTeX

(/usr/local/texlive/2014/texmf-dist/tex/generic/oberdiek/infwarerr.sty
Package: infwarerr 2010/04/08 v1.3 Providing info/warning/error messages (HO)
)
(/usr/local/texlive/2014/texmf-dist/tex/generic/oberdiek/ltxcmds.sty
Package: ltxcmds 2011/11/09 v1.22 LaTeX kernel commands for general use (HO)
)
\Gread@gobject=\count94
))
\Gin@req@height=\dimen125
\Gin@req@width=\dimen126
)
(./paper.aux)
\openout1 = `paper.aux'.

LaTeX Font Info:    Checking defaults for OML/cmm/m/it on input line 44.
LaTeX Font Info:    ... okay on input line 44.
LaTeX Font Info:    Checking defaults for T1/cmr/m/n on input line 44.
LaTeX Font Info:    ... okay on input line 44.
LaTeX Font Info:    Checking defaults for OT1/cmr/m/n on input line 44.
LaTeX Font Info:    ... okay on input line 44.
LaTeX Font Info:    Checking defaults for OMS/cmsy/m/n on input line 44.
LaTeX Font Info:    ... okay on input line 44.
LaTeX Font Info:    Checking defaults for OMX/cmex/m/n on input line 44.
LaTeX Font Info:    ... okay on input line 44.
LaTeX Font Info:    Checking defaults for U/cmr/m/n on input line 44.
LaTeX Font Info:    ... okay on input line 44.

-- Lines per column: 58 (exact).
(/usr/local/texlive/2014/texmf-dist/tex/context/base/supp-pdf.mkii
[Loading MPS to PDF converter (version 2006.09.02).]
\scratchcounter=\count95
\scratchdimen=\dimen127
\scratchbox=\box28
\nofMPsegments=\count96
\nofMParguments=\count97
\everyMPshowfont=\toks16
\MPscratchCnt=\count98
\MPscratchDim=\dimen128
\MPnumerator=\count99
\makeMPintoPDFobject=\count100
\everyMPtoPDFconversion=\toks17
) (/usr/local/texlive/2014/texmf-dist/tex/generic/oberdiek/pdftexcmds.sty
Package: pdftexcmds 2011/11/29 v0.20 Utility functions of pdfTeX for LuaTeX (HO
)

(/usr/local/texlive/2014/texmf-dist/tex/generic/oberdiek/ifluatex.sty
Package: ifluatex 2010/03/01 v1.3 Provides the ifluatex switch (HO)
Package ifluatex Info: LuaTeX not detected.
)
(/usr/local/texlive/2014/texmf-dist/tex/generic/oberdiek/ifpdf.sty
Package: ifpdf 2011/01/30 v2.3 Provides the ifpdf switch (HO)
Package ifpdf Info: pdfTeX in PDF mode is detected.
)
Package pdftexcmds Info: LuaTeX not detected.
Package pdftexcmds Info: \pdf@primitive is available.
Package pdftexcmds Info: \pdf@ifprimitive is available.
Package pdftexcmds Info: \pdfdraftmode found.
)
(/usr/local/texlive/2014/texmf-dist/tex/latex/oberdiek/epstopdf-base.sty
Package: epstopdf-base 2010/02/09 v2.5 Base part for package epstopdf

(/usr/local/texlive/2014/texmf-dist/tex/latex/oberdiek/grfext.sty
Package: grfext 2010/08/19 v1.1 Manage graphics extensions (HO)

(/usr/local/texlive/2014/texmf-dist/tex/generic/oberdiek/kvdefinekeys.sty
Package: kvdefinekeys 2011/04/07 v1.3 Define keys (HO)
))
(/usr/local/texlive/2014/texmf-dist/tex/latex/oberdiek/kvoptions.sty
Package: kvoptions 2011/06/30 v3.11 Key value format for package options (HO)

(/usr/local/texlive/2014/texmf-dist/tex/generic/oberdiek/kvsetkeys.sty
Package: kvsetkeys 2012/04/25 v1.16 Key value parser (HO)

(/usr/local/texlive/2014/texmf-dist/tex/generic/oberdiek/etexcmds.sty
Package: etexcmds 2011/02/16 v1.5 Avoid name clashes with e-TeX commands (HO)
Package etexcmds Info: Could not find \expanded.
(etexcmds)             That can mean that you are not using pdfTeX 1.50 or
(etexcmds)             that some package has redefined \expanded.
(etexcmds)             In the latter case, load this package earlier.
)))
Package grfext Info: Graphics extension search list:
(grfext)             [.png,.pdf,.jpg,.mps,.jpeg,.jbig2,.jb2,.PNG,.PDF,.JPG,.JPE
G,.JBIG2,.JB2,.eps]
(grfext)             \AppendGraphicsExtensions on input line 452.

(/usr/local/texlive/2014/texmf-dist/tex/latex/latexconfig/epstopdf-sys.cfg
File: epstopdf-sys.cfg 2010/07/13 v1.3 Configuration of (r)epstopdf for TeX Liv
e
))
LaTeX Font Info:    Try loading font information for OT1+pcr on input line 65.

(/usr/local/texlive/2014/texmf-dist/tex/latex/psnfss/ot1pcr.fd
File: ot1pcr.fd 2001/06/04 font definitions for OT1/pcr.
)
<../presentation/fractal_examples.png, id=1, 1269.543pt x 400.697pt>
File: ../presentation/fractal_examples.png Graphic file (type png)

<use ../presentation/fractal_examples.png>
Package pdftex.def Info: ../presentation/fractal_examples.png used on input lin
e 170.
(pdftex.def)             Requested size: 252.0pt x 79.53267pt.

<../presentation/dep_proc.png, id=3, 1299.254pt x 552.464pt>
File: ../presentation/dep_proc.png Graphic file (type png)

<use ../presentation/dep_proc.png>
Package pdftex.def Info: ../presentation/dep_proc.png used on input line 177.
(pdftex.def)             Requested size: 252.0pt x 107.15259pt.

<../presentation/example_log.png, id=4, 321.2pt x 470.75874pt>
File: ../presentation/example_log.png Graphic file (type png)

<use ../presentation/example_log.png>
Package pdftex.def Info: ../presentation/example_log.png used on input line 184
.
(pdftex.def)             Requested size: 144.54pt x 211.84666pt.
Package epstopdf Info: Source file: <../presentation/holder_analysis.eps>
(epstopdf)                    date: 2015-04-20 15:45:58
(epstopdf)                    size: 158939 bytes
(epstopdf)             Output file: <../presentation/holder_analysis-eps-conver
ted-to.pdf>
(epstopdf)                    date: 2015-04-23 13:48:46
(epstopdf)                    size: 34257 bytes
(epstopdf)             Command: <epstopdf --outfile=../presentation/holder_anal
ysis-eps-converted-to.pdf ../presentation/holder_analysis.eps>
(epstopdf)             \includegraphics on input line 198.
Package epstopdf Info: Output file is already uptodate.

<../presentation/holder_analysis-eps-converted-to.pdf, id=5, 578.16pt x 433.62p
t>
File: ../presentation/holder_analysis-eps-converted-to.pdf Graphic file (type p
df)
 <use ../presentation/holder_analysis-eps-converted-to.pdf>
Package pdftex.def Info: ../presentation/holder_analysis-eps-converted-to.pdf u
sed on input line 198.
(pdftex.def)             Requested size: 252.0pt x 189.00032pt.
LaTeX Font Info:    External font `cmex10' loaded for size
(Font)              <8> on input line 201.
LaTeX Font Info:    External font `cmex10' loaded for size
(Font)              <6> on input line 201.
LaTeX Font Info:    External font `cmex10' loaded for size
(Font)              <5> on input line 201.
 [1{/usr/local/texlive/2014/texmf-var/fonts/map/pdftex/updmap/pdftex.map}


 <../presentation/fractal_examples.png>]
<../presentation/scattering.png, id=17, 733.74126pt x 302.12875pt>
File: ../presentation/scattering.png Graphic file (type png)

<use ../presentation/scattering.png>
Package pdftex.def Info: ../presentation/scattering.png used on input line 217.

(pdftex.def)             Requested size: 252.0pt x 103.7643pt.
Package epstopdf Info: Source file: <../presentation/scatter_analysis.eps>
(epstopdf)                    date: 2015-04-21 08:28:37
(epstopdf)                    size: 144026 bytes
(epstopdf)             Output file: <../presentation/scatter_analysis-eps-conve
rted-to.pdf>
(epstopdf)                    date: 2015-04-23 13:49:46
(epstopdf)                    size: 26268 bytes
(epstopdf)             Command: <epstopdf --outfile=../presentation/scatter_ana
lysis-eps-converted-to.pdf ../presentation/scatter_analysis.eps>
(epstopdf)             \includegraphics on input line 226.
Package epstopdf Info: Output file is already uptodate.

<../presentation/scatter_analysis-eps-converted-to.pdf, id=18, 578.16pt x 433.6
2pt>
File: ../presentation/scatter_analysis-eps-converted-to.pdf Graphic file (type 
pdf)
 <use ../presentation/scatter_analysis-eps-converted-to.pdf>
Package pdftex.def Info: ../presentation/scatter_analysis-eps-converted-to.pdf 
used on input line 226.
(pdftex.def)             Requested size: 252.0pt x 189.00032pt.
Package epstopdf Info: Source file: <../presentation/knn.eps>
(epstopdf)                    date: 2015-04-21 12:27:17
(epstopdf)                    size: 307880 bytes
(epstopdf)             Output file: <../presentation/knn-eps-converted-to.pdf>
(epstopdf)                    date: 2015-04-23 13:50:45
(epstopdf)                    size: 63515 bytes
(epstopdf)             Command: <epstopdf --outfile=../presentation/knn-eps-con
verted-to.pdf ../presentation/knn.eps>
(epstopdf)             \includegraphics on input line 243.
Package epstopdf Info: Output file is already uptodate.

<../presentation/knn-eps-converted-to.pdf, id=19, 578.16pt x 433.62pt>
File: ../presentation/knn-eps-converted-to.pdf Graphic file (type pdf)

<use ../presentation/knn-eps-converted-to.pdf>
Package pdftex.def Info: ../presentation/knn-eps-converted-to.pdf used on input
 line 243.
(pdftex.def)             Requested size: 252.0pt x 189.00032pt.
Package epstopdf Info: Source file: <../presentation/exp119.eps>
(epstopdf)                    date: 2015-04-20 09:48:51
(epstopdf)                    size: 1346231 bytes
(epstopdf)             Output file: <../presentation/exp119-eps-converted-to.pd
f>
(epstopdf)                    date: 2015-04-23 13:54:07
(epstopdf)                    size: 28220 bytes
(epstopdf)             Command: <epstopdf --outfile=../presentation/exp119-eps-
converted-to.pdf ../presentation/exp119.eps>
(epstopdf)             \includegraphics on input line 255.
Package epstopdf Info: Output file is already uptodate.

<../presentation/exp119-eps-converted-to.pdf, id=20, 578.16pt x 433.62pt>
File: ../presentation/exp119-eps-converted-to.pdf Graphic file (type pdf)

<use ../presentation/exp119-eps-converted-to.pdf>
Package pdftex.def Info: ../presentation/exp119-eps-converted-to.pdf used on in
put line 255.
(pdftex.def)             Requested size: 252.0pt x 189.00032pt.
Package epstopdf Info: Source file: <../presentation/exp139.eps>
(epstopdf)                    date: 2015-04-20 10:01:38
(epstopdf)                    size: 1347683 bytes
(epstopdf)             Output file: <../presentation/exp139-eps-converted-to.pd
f>
(epstopdf)                    date: 2015-04-23 13:55:31
(epstopdf)                    size: 26627 bytes
(epstopdf)             Command: <epstopdf --outfile=../presentation/exp139-eps-
converted-to.pdf ../presentation/exp139.eps>
(epstopdf)             \includegraphics on input line 263.
Package epstopdf Info: Output file is already uptodate.

<../presentation/exp139-eps-converted-to.pdf, id=21, 578.16pt x 433.62pt>
File: ../presentation/exp139-eps-converted-to.pdf Graphic file (type pdf)

<use ../presentation/exp139-eps-converted-to.pdf>
Package pdftex.def Info: ../presentation/exp139-eps-converted-to.pdf used on in
put line 263.
(pdftex.def)             Requested size: 252.0pt x 189.00032pt.
 [2 <../presentation/dep_proc.png> <../presentation/example_log.png> <../presen
tation/holder_analysis-eps-converted-to.pdf> <../presentation/scattering.png> <
../presentation/scatter_analysis-eps-converted-to.pdf>] [3 <../presentation/knn
-eps-converted-to.pdf> <../presentation/exp119-eps-converted-to.pdf> <../presen
tation/exp139-eps-converted-to.pdf>] <../presentation/seismic_example.png, id=1
69, 1127.412pt x 610.28pt>
File: ../presentation/seismic_example.png Graphic file (type png)

<use ../presentation/seismic_example.png>
Package pdftex.def Info: ../presentation/seismic_example.png used on input line
 315.
(pdftex.def)             Requested size: 252.0pt x 136.4038pt.

Underfull \hbox (badness 4647) in paragraph at lines 332--333
[]\OT1/ptm/m/n/8 Image cour-tesy of http://www.wired.com/2010/09/fractal-patter
ns-in-
 []


Underfull \hbox (badness 10000) in paragraph at lines 338--339
[]\OT1/ptm/m/n/8 Trenton Black River Project (2006),
 []


Underfull \hbox (badness 1400) in paragraph at lines 342--343
\OT1/ptm/m/n/8 Data Pro-cess-ing Us-ing the Frac-tal Anal-y-sis and Neu-ral Net
-work,
 []


Underfull \hbox (badness 2478) in paragraph at lines 342--343
\OT1/ptm/m/n/8 ISBN: 978-953-51-0729-3, In-Tech, DOI: 10.5772/51875. Avail-able

 []


Underfull \hbox (badness 10000) in paragraph at lines 342--343
\OT1/ptm/m/n/8 from: http://www.intechopen.com/books/fractal- analysis-and-chao
s-
 []


Underfull \hbox (badness 10000) in paragraph at lines 342--343
\OT1/ptm/m/n/8 in-geosciences/well-logs-data-processing-using-the-fractal-analy
sis-and-
 []

[4 <../presentation/seismic_example.png>] (./paper.aux) ) 
Here is how much of TeX's memory you used:
 2393 strings out of 493117
 40206 string characters out of 6135433
 104999 words of memory out of 5000000
 5837 multiletter control sequences out of 15000+600000
 38568 words of font info for 74 fonts, out of 8000000 for 9000
 1144 hyphenation exceptions out of 8191
 37i,5n,24p,430b,247s stack positions out of 5000i,500n,10000p,200000b,80000s
{/usr/local/texlive/20
14/texmf-dist/fonts/enc/dvips/base/8r.enc}</usr/local/texlive/2014/texmf-dist/f
onts/type1/public/amsfonts/cm/cmmi12.pfb></usr/local/texlive/2014/texmf-dist/fo
nts/type1/public/amsfonts/cm/cmmi8.pfb></usr/local/texlive/2014/texmf-dist/font
s/type1/public/amsfonts/cm/cmr10.pfb></usr/local/texlive/2014/texmf-dist/fonts/
type1/public/amsfonts/cm/cmr12.pfb></usr/local/texlive/2014/texmf-dist/fonts/ty
pe1/public/amsfonts/cm/cmr8.pfb></usr/local/texlive/2014/texmf-dist/fonts/type1
/public/amsfonts/cm/cmr9.pfb></usr/local/texlive/2014/texmf-dist/fonts/type1/pu
blic/amsfonts/cm/cmsy10.pfb></usr/local/texlive/2014/texmf-dist/fonts/type1/pub
lic/amsfonts/cm/cmsy8.pfb></usr/local/texlive/2014/texmf-dist/fonts/type1/urw/c
ourier/ucrr8a.pfb></usr/local/texlive/2014/texmf-dist/fonts/type1/urw/helvetic/
uhvr8a.pfb></usr/local/texlive/2014/texmf-dist/fonts/type1/urw/times/utmb8a.pfb
></usr/local/texlive/2014/texmf-dist/fonts/type1/urw/times/utmbi8a.pfb></usr/lo
cal/texlive/2014/texmf-dist/fonts/type1/urw/times/utmr8a.pfb></usr/local/texliv
e/2014/texmf-dist/fonts/type1/urw/times/utmri8a.pfb>
Output written on paper.pdf (4 pages, 5808286 bytes).
PDF statistics:
 203 PDF objects out of 1000 (max. 8388607)
 93 compressed objects within 1 object stream
 0 named destinations out of 1000 (max. 500000)
 51 words of extra memory for PDF output out of 10000 (max. 10000000)

